
+++++++++++sense_modified_data++++++++++
hAM,manner_adv,yes
vaha,pron,that
wo,pred_adj,true
Apa,pron,you
vahAM,place_adv,there
jA,v,go
AvaSyakawA,v,need
nahIM,neg,not
eka,det,a
acCA,adj,good
AxamI,n,man
hasza,v,laugh
retsa,n,rate
kyA,wh-pron,what
hEM,v,be
TIka,manner_adv,alright
muJe,pron,I
,n,file
PZAIla,v,send
Beja,manner_adv,concerned 
mere,pron,I
vicAra,v,think
muJe,pron,I
kampyUtara,comp_n,computer-course
xAKilA,v,join
wumhAre,poss_pron,you_poss
kOna,wh-pron,what
sabjektsa,n,subject
hEM ,v,be
kyA,,
wuma,poss_pron,you_poss
Gara,n,house
wuma,poss_pron,you_poss
buA,n,aunt
gA,v,sing
mEM,pron,I
PZiksda,manner_adv,fixed
dipAjZita,comp_n,deposit-account
cAhawA,v,want
isa,pron,that
mAmale,pron,I
mEM,wh-pron,what
kyA,v,say
kaha,modal,can
xOda,v_nom,run
svAsWya,n,health
acCA,pred_adj,good
hE,p,for
mere,pron,I
iMjIniyariMga,comp_n,engineering-college
edamiSana,n,admission
pAnA,v,get
kaTina,pred_adj,difficult
vaha,det,this
ladaZkA,n,boy
acCA,pred_adj,good
mEM,pron,I
yahAM,place_adv,here
eka,det,a
KAwA,n,account
Kola,v,open
vaha,det,that
ladakA,n,boy
hasza,v,laugh
aMxAjana,manner_adv,approximate
vaha,poss_pron,he_poss
waMKvAha,n,salary
kyA,wh-pron,what
hogI,v,be
wumhArA,poss_pron,you_poss
nAma,n,name
kyA,wh-pron,what
hE,v,be
rAma,propn,Rama
doYkatara,n,doctor
hE,v,be
bacawa,comp_n,savings-account
kama,manner_adv,minimum
kiwanA,wh-pron,what
jamA,n,deposit
hE,v,be
Apa,pron,you
kOna,wh-adv,who
hEM,v,be
vaha,pron,she
eka,det,a
ladakI,n,girl
hE,v,be
vE,pron,they
mere,poss_pron,I_poss
saMbaMXI,n,relative
0,v,be
hEM,X,X
Apa,pron,you
kyA,,
KAsa,manner_adv,original
xillI,propn,Delhi
rahane,v,belong
yaha,pron,this
acCA,pred_adj,good
hE,,
vaha,pron,she
tumhArA,pron,you
sinemA,n,cinema
inwajAra,v,wait
kara,p,at
vaha,poss_pron,he_poss
BAI,n,brother
hasza,v,laugh
rAma,propn,Rama
acCA,pred_adj,good
rAwa,n,dinner
Bojana,n,menu
kyA,wh-pron,what
hE,v,be
yaha,det,these
ladZakA,n,boy
hasa,v,laugh
mEM,pron,I
botala,poss_n,bottle
Dakkana,n,cap
Kola,v,open
yaha,pron,these
acCA,pred_adj,good
hE,X,X
vaha,poss_pron,he_poss
kyA,wh-pron,what
umra,n,age
hogI,v,be
yaha,det,these
ladakA,n,boy
hasza,v,laugh
wumhAre,poss_pron,you_poss
piwAjI,n,father
kyA,wh-pron,what
karawe,v,be
aba,adj,present
ApakA,poss_pron,you_poss
mAsika,n,month
vewana,n,salary
kiwanA,wh-pron,what
hE,v,be
TIka,manner_adv,alright
mEM,pron,I
yaha,pron,it
KarIxUMgI,v,take
mere,poss_pron,I_poss
mAwA,n,parent
amqwasara,propn,Amritsar
wuma,pron,you
paDZanA,n,study
kyoM,wh-adv,why
CodZa,v,drop
Apa,pron,you
parsanala,adj,personal
asisteMta,n,assistant
nOkarI,n,post
eplAi,v,apply
hama,pron,we
brokara,n,broker
hEM,v,be
kyA,,
usane,pron,he
wumhArA,poss_pron,you_poss
vewana,n,salary
xe,v,pay
Rahul,propn,Rahul
kyA,det,which
korarsa,n,course
kara,v,do
yaha,pron,it
kOna,wh-adv,who
hE,v,be
Apa,pron,they
kOna,wh-adv,who
hEM,v,be
mEM,pron,I
Apa,pron,you
acCA,adj,nice
PZlEta,n,flat
DUMDa,v,find
ve,pron,He
svasWa,pred_adj,well
nahIM,neg,not
subaha,n,morning
basa,n,bus
kaun,wh-pron,who
skUla,n,school
jA,v,go
wuma,pron,you
merI,pron,I
bAwa,wh-adv,why
kyoM,neg,not
nahIM,v,listen
sunawe,X,X
hama,pron,we
20,card,20
membara,n,member
hEM,v,be
jakala,det,these
jZiMxA,v,survive
muSkila,pred_adj,hard
kyA,,
vaha,pron,he
xukAna,n,shop
baMxa,v,close
apanA,poss_pron,you_poss
telIPona,comp_n,telephone-number
kyA,wh-pron,what
hE,v,be
hama,pron,we
padZosI,n,neighbor
hEM,v,be
accA,adj,good
AxamI,n,man
hasza,v,laugh
hAM,manner_adv,yes
yaha,pron,it
kyA,wh-pron,what
hE,v,be
kyA,wh-pron,what
bAwa,n,matter
WI ,v,be
mEM,pron,I
eka,det,a
vyApArI,n,businessman
hUM,v,be
isa,det,this
skUla,n,school
kAPI,manner_adv,good
nAma,n,reputation
hE,v,have
huwa,pron,it
maXura,manner_adv,melodious
gIwa,n,song
WA,v,be
bahuwa,det,many
ladaka,n,boy
hasza,v,laugh
kyA,wh-pron,what
diskAuMta,n,discount
xe,v,be
yaha,det,this
ladZakA,n,boy
hasa,v,laugh
ladakI,n,girl
hama,poss_pron,we_poss
Gara,n,house
mExAna,n,ground
PutaboYla,comp_n,football-match
Kela,v,play
ve,pron,he
eka,det,a
sampAxaka,n,editor
hEM,v,be
hAM,manner_adv,yes
mEM,pron,I
apane,poss_pron,I_poss
jIvana,n,life
eka,det,a
mahawwvapUrNa,adj,important
aXyAya,n,chapter
samApwa,v,finish
kyA,wh-pron,what
kImawa,n,price
hE,v,be
TIka,manner_adv,fine
kqpayA,please,please
vaha,pron,he
yahAM,place_adv,here
sAina,v,sign
kaha,v,ask
mEM,pron,I
helxI,adj,healthy
hArtas,n,heart
anUmA,propn,Anupa
hUM,v,be
mEM,poss_pron,I_poss
SikRaka,poss_n,teacher_poss
betA,n,son
eka,det,a
doctor,n,doctor